<?xml version="1.0" encoding="UTF-8"?>
<!-- Generated by org.testng.reporters.JUnitReportReporter -->
<testsuite hostname="owner-PC" name="com.ohrm.qa.hybrid.logintest.LoginPageTest" tests="3" failures="0" timestamp="3 Aug 2020 10:32:39 GMT" time="84.401" errors="0">
  <testcase name="logintest" time="12.365" classname="com.ohrm.qa.hybrid.logintest.LoginPageTest"/>
  <testcase name="LoginTest" time="12.446" classname="com.ohrm.qa.hybrid.logintest.LoginPageTest"/>
  <testcase name="OHRMlogoTest" time="59.590" classname="com.ohrm.qa.hybrid.logintest.LoginPageTest"/>
</testsuite> <!-- com.ohrm.qa.hybrid.logintest.LoginPageTest -->
